<?xml version="1.0" encoding="UTF-8" ?>
<testsuite tests="33" failures="3" name="com.khanghv.testng.NewEmptyJUnitTest" time="52.578" errors="0" skipped="30">
  <properties>
[...]
</properties>
  <testcase classname="com.khanghv.testng.NewEmptyJUnitTest" name="testLogin" time="3.798">
    <failure message="stale element reference: element is not attached to the page document
  (Session info: chrome=86.0.4240.183)
For documentation on this error, please visit: https://selenium.dev/exceptions/#stale_element_reference
Build info: version: &apos;4.0.0-alpha-6&apos;, revision: &apos;5f43a29cfc&apos;
System info: host: &apos;SE140097&apos;, ip: &apos;192.168.217.1&apos;, os.name: &apos;Windows 10&apos;, os.arch: &apos;amd64&apos;, os.version: &apos;10.0&apos;, java.version: &apos;12.0.1&apos;
Driver info: org.openqa.selenium.chrome.ChromeDriver
Capabilities {acceptInsecureCerts: false, browserName: chrome, browserVersion: 86.0.4240.183, chrome: {chromedriverVersion: 86.0.4240.22 (398b0743353ff..., userDataDir: C:\Users\USER\AppData\Local...}, goog:chromeOptions: {debuggerAddress: localhost:54119}, javascriptEnabled: true, networkConnectionEnabled: false, pageLoadStrategy: normal, platform: WINDOWS, platformName: WINDOWS, proxy: Proxy(), setWindowRect: true, strictFileInteractability: false, timeouts: {implicit: 0, pageLoad: 300000, script: 30000}, unhandledPromptBehavior: dismiss and notify, webauthn:virtualAuthenticators: true}
Session ID: 35e7e95f25fd847de06b08cdbf337ce9" type="org.openqa.selenium.StaleElementReferenceException">org.openqa.selenium.StaleElementReferenceException: stale element reference: element is not attached to the page document
  (Session info: chrome=86.0.4240.183)
For documentation on this error, please visit: https://selenium.dev/exceptions/#stale_element_reference
Build info: version: &apos;4.0.0-alpha-6&apos;, revision: &apos;5f43a29cfc&apos;
System info: host: &apos;SE140097&apos;, ip: &apos;192.168.217.1&apos;, os.name: &apos;Windows 10&apos;, os.arch: &apos;amd64&apos;, os.version: &apos;10.0&apos;, java.version: &apos;12.0.1&apos;
Driver info: org.openqa.selenium.chrome.ChromeDriver
Capabilities {acceptInsecureCerts: false, browserName: chrome, browserVersion: 86.0.4240.183, chrome: {chromedriverVersion: 86.0.4240.22 (398b0743353ff..., userDataDir: C:\Users\USER\AppData\Local...}, goog:chromeOptions: {debuggerAddress: localhost:54119}, javascriptEnabled: true, networkConnectionEnabled: false, pageLoadStrategy: normal, platform: WINDOWS, platformName: WINDOWS, proxy: Proxy(), setWindowRect: true, strictFileInteractability: false, timeouts: {implicit: 0, pageLoad: 300000, script: 30000}, unhandledPromptBehavior: dismiss and notify, webauthn:virtualAuthenticators: true}
Session ID: 35e7e95f25fd847de06b08cdbf337ce9
	at java.base/jdk.internal.reflect.NativeConstructorAccessorImpl.newInstance0(Native Method)
	at java.base/jdk.internal.reflect.NativeConstructorAccessorImpl.newInstance(NativeConstructorAccessorImpl.java:62)
	at java.base/jdk.internal.reflect.DelegatingConstructorAccessorImpl.newInstance(DelegatingConstructorAccessorImpl.java:45)
	at java.base/java.lang.reflect.Constructor.newInstanceWithCaller(Constructor.java:500)
	at java.base/java.lang.reflect.Constructor.newInstance(Constructor.java:481)
	at org.openqa.selenium.remote.codec.w3c.W3CHttpResponseCodec.createException(W3CHttpResponseCodec.java:196)
	at org.openqa.selenium.remote.codec.w3c.W3CHttpResponseCodec.decode(W3CHttpResponseCodec.java:129)
	at org.openqa.selenium.remote.codec.w3c.W3CHttpResponseCodec.decode(W3CHttpResponseCodec.java:53)
	at org.openqa.selenium.remote.HttpCommandExecutor.execute(HttpCommandExecutor.java:160)
	at org.openqa.selenium.remote.service.DriverCommandExecutor.execute(DriverCommandExecutor.java:83)
	at org.openqa.selenium.remote.RemoteWebDriver.execute(RemoteWebDriver.java:582)
	at org.openqa.selenium.remote.RemoteWebElement.execute(RemoteWebElement.java:316)
	at org.openqa.selenium.remote.RemoteWebElement.sendKeys(RemoteWebElement.java:115)
	at com.khanghv.testng.NewEmptyJUnitTest.testLogin(NewEmptyJUnitTest.java:135)
</failure>
    <system-out>Configuring TestNG with: org.apache.maven.surefire.testng.conf.TestNG652Configurator@47f37ef1
Username: Khang
Pass: Hua
Email: beiuonepiece999@gmail.com
Mobile: 03154678975
DOB: Test
Add: Qu?n 2
Image: C:\Users\USER\Desktop\103981568_565350744420432_7391090614746833787_n.jpg
Subject: Ma
</system-out>
    <system-err>SLF4J: Failed to load class &quot;org.slf4j.impl.StaticLoggerBinder&quot;.
SLF4J: Defaulting to no-operation (NOP) logger implementation
SLF4J: See http://www.slf4j.org/codes.html#StaticLoggerBinder for further details.
Starting ChromeDriver 86.0.4240.22 (398b0743353ff36fb1b82468f63a3a93b4e2e89e-refs/branch-heads/4240@{#378}) on port 24174
Only local connections are allowed.
Please see https://chromedriver.chromium.org/security-considerations for suggestions on keeping ChromeDriver safe.
ChromeDriver was started successfully.
Nov 10, 2020 8:27:55 AM org.openqa.selenium.remote.ProtocolHandshake createSession
INFO: Detected dialect: W3C
</system-err>
  </testcase>
  <testcase classname="com.khanghv.testng.NewEmptyJUnitTest" name="testLogin" time="16.096">
    <failure message="chrome not reachable
  (Session info: chrome=86.0.4240.183)
Build info: version: &apos;4.0.0-alpha-6&apos;, revision: &apos;5f43a29cfc&apos;
System info: host: &apos;SE140097&apos;, ip: &apos;192.168.217.1&apos;, os.name: &apos;Windows 10&apos;, os.arch: &apos;amd64&apos;, os.version: &apos;10.0&apos;, java.version: &apos;12.0.1&apos;
Driver info: org.openqa.selenium.chrome.ChromeDriver
Capabilities {acceptInsecureCerts: false, browserName: chrome, browserVersion: 86.0.4240.183, chrome: {chromedriverVersion: 86.0.4240.22 (398b0743353ff..., userDataDir: C:\Users\USER\AppData\Local...}, goog:chromeOptions: {debuggerAddress: localhost:54176}, javascriptEnabled: true, networkConnectionEnabled: false, pageLoadStrategy: normal, platform: WINDOWS, platformName: WINDOWS, proxy: Proxy(), setWindowRect: true, strictFileInteractability: false, timeouts: {implicit: 0, pageLoad: 300000, script: 30000}, unhandledPromptBehavior: dismiss and notify, webauthn:virtualAuthenticators: true}
Session ID: 40102c6249553f5bcf12812b7a3275b9
*** Element info: {Using=id, value=react-select-3-input}" type="org.openqa.selenium.WebDriverException">org.openqa.selenium.WebDriverException: chrome not reachable
  (Session info: chrome=86.0.4240.183)
Build info: version: &apos;4.0.0-alpha-6&apos;, revision: &apos;5f43a29cfc&apos;
System info: host: &apos;SE140097&apos;, ip: &apos;192.168.217.1&apos;, os.name: &apos;Windows 10&apos;, os.arch: &apos;amd64&apos;, os.version: &apos;10.0&apos;, java.version: &apos;12.0.1&apos;
Driver info: org.openqa.selenium.chrome.ChromeDriver
Capabilities {acceptInsecureCerts: false, browserName: chrome, browserVersion: 86.0.4240.183, chrome: {chromedriverVersion: 86.0.4240.22 (398b0743353ff..., userDataDir: C:\Users\USER\AppData\Local...}, goog:chromeOptions: {debuggerAddress: localhost:54176}, javascriptEnabled: true, networkConnectionEnabled: false, pageLoadStrategy: normal, platform: WINDOWS, platformName: WINDOWS, proxy: Proxy(), setWindowRect: true, strictFileInteractability: false, timeouts: {implicit: 0, pageLoad: 300000, script: 30000}, unhandledPromptBehavior: dismiss and notify, webauthn:virtualAuthenticators: true}
Session ID: 40102c6249553f5bcf12812b7a3275b9
*** Element info: {Using=id, value=react-select-3-input}
	at java.base/jdk.internal.reflect.NativeConstructorAccessorImpl.newInstance0(Native Method)
	at java.base/jdk.internal.reflect.NativeConstructorAccessorImpl.newInstance(NativeConstructorAccessorImpl.java:62)
	at java.base/jdk.internal.reflect.DelegatingConstructorAccessorImpl.newInstance(DelegatingConstructorAccessorImpl.java:45)
	at java.base/java.lang.reflect.Constructor.newInstanceWithCaller(Constructor.java:500)
	at java.base/java.lang.reflect.Constructor.newInstance(Constructor.java:481)
	at org.openqa.selenium.remote.codec.w3c.W3CHttpResponseCodec.createException(W3CHttpResponseCodec.java:196)
	at org.openqa.selenium.remote.codec.w3c.W3CHttpResponseCodec.decode(W3CHttpResponseCodec.java:129)
	at org.openqa.selenium.remote.codec.w3c.W3CHttpResponseCodec.decode(W3CHttpResponseCodec.java:53)
	at org.openqa.selenium.remote.HttpCommandExecutor.execute(HttpCommandExecutor.java:160)
	at org.openqa.selenium.remote.service.DriverCommandExecutor.execute(DriverCommandExecutor.java:83)
	at org.openqa.selenium.remote.RemoteWebDriver.execute(RemoteWebDriver.java:582)
	at org.openqa.selenium.remote.RemoteWebDriver.findElement(RemoteWebDriver.java:333)
	at org.openqa.selenium.remote.RemoteWebDriver.findElementById(RemoteWebDriver.java:381)
	at org.openqa.selenium.By$ById.findElement(By.java:194)
	at org.openqa.selenium.remote.RemoteWebDriver.findElement(RemoteWebDriver.java:325)
	at com.khanghv.testng.NewEmptyJUnitTest.testLogin(NewEmptyJUnitTest.java:212)
</failure>
    <system-out>Username: Khoi
Pass: Le
Email: khoiquetlada@gmail.com
Mobile: 0321516481
DOB: 04-Jun-2000
Add: Qu?n 3
Image: null
Subject: Math
</system-out>
    <system-err>Starting ChromeDriver 86.0.4240.22 (398b0743353ff36fb1b82468f63a3a93b4e2e89e-refs/branch-heads/4240@{#378}) on port 13477
Only local connections are allowed.
Please see https://chromedriver.chromium.org/security-considerations for suggestions on keeping ChromeDriver safe.
ChromeDriver was started successfully.
Nov 10, 2020 8:28:38 AM org.openqa.selenium.remote.ProtocolHandshake createSession
INFO: Detected dialect: W3C
[1604971786.554][WARNING]: Timed out connecting to Chrome, retrying...
</system-err>
  </testcase>
  <testcase classname="com.khanghv.testng.NewEmptyJUnitTest" name="tearDownMethod" time="16.339">
    <failure message="chrome not reachable
  (Session info: chrome=86.0.4240.183)
Build info: version: &apos;4.0.0-alpha-6&apos;, revision: &apos;5f43a29cfc&apos;
System info: host: &apos;SE140097&apos;, ip: &apos;192.168.217.1&apos;, os.name: &apos;Windows 10&apos;, os.arch: &apos;amd64&apos;, os.version: &apos;10.0&apos;, java.version: &apos;12.0.1&apos;
Driver info: org.openqa.selenium.chrome.ChromeDriver
Capabilities {acceptInsecureCerts: false, browserName: chrome, browserVersion: 86.0.4240.183, chrome: {chromedriverVersion: 86.0.4240.22 (398b0743353ff..., userDataDir: C:\Users\USER\AppData\Local...}, goog:chromeOptions: {debuggerAddress: localhost:54176}, javascriptEnabled: true, networkConnectionEnabled: false, pageLoadStrategy: normal, platform: WINDOWS, platformName: WINDOWS, proxy: Proxy(), setWindowRect: true, strictFileInteractability: false, timeouts: {implicit: 0, pageLoad: 300000, script: 30000}, unhandledPromptBehavior: dismiss and notify, webauthn:virtualAuthenticators: true}
Session ID: 40102c6249553f5bcf12812b7a3275b9" type="org.openqa.selenium.WebDriverException">org.openqa.selenium.WebDriverException: chrome not reachable
  (Session info: chrome=86.0.4240.183)
Build info: version: &apos;4.0.0-alpha-6&apos;, revision: &apos;5f43a29cfc&apos;
System info: host: &apos;SE140097&apos;, ip: &apos;192.168.217.1&apos;, os.name: &apos;Windows 10&apos;, os.arch: &apos;amd64&apos;, os.version: &apos;10.0&apos;, java.version: &apos;12.0.1&apos;
Driver info: org.openqa.selenium.chrome.ChromeDriver
Capabilities {acceptInsecureCerts: false, browserName: chrome, browserVersion: 86.0.4240.183, chrome: {chromedriverVersion: 86.0.4240.22 (398b0743353ff..., userDataDir: C:\Users\USER\AppData\Local...}, goog:chromeOptions: {debuggerAddress: localhost:54176}, javascriptEnabled: true, networkConnectionEnabled: false, pageLoadStrategy: normal, platform: WINDOWS, platformName: WINDOWS, proxy: Proxy(), setWindowRect: true, strictFileInteractability: false, timeouts: {implicit: 0, pageLoad: 300000, script: 30000}, unhandledPromptBehavior: dismiss and notify, webauthn:virtualAuthenticators: true}
Session ID: 40102c6249553f5bcf12812b7a3275b9
	at java.base/jdk.internal.reflect.NativeConstructorAccessorImpl.newInstance0(Native Method)
	at java.base/jdk.internal.reflect.NativeConstructorAccessorImpl.newInstance(NativeConstructorAccessorImpl.java:62)
	at java.base/jdk.internal.reflect.DelegatingConstructorAccessorImpl.newInstance(DelegatingConstructorAccessorImpl.java:45)
	at java.base/java.lang.reflect.Constructor.newInstanceWithCaller(Constructor.java:500)
	at java.base/java.lang.reflect.Constructor.newInstance(Constructor.java:481)
	at org.openqa.selenium.remote.codec.w3c.W3CHttpResponseCodec.createException(W3CHttpResponseCodec.java:196)
	at org.openqa.selenium.remote.codec.w3c.W3CHttpResponseCodec.decode(W3CHttpResponseCodec.java:129)
	at org.openqa.selenium.remote.codec.w3c.W3CHttpResponseCodec.decode(W3CHttpResponseCodec.java:53)
	at org.openqa.selenium.remote.HttpCommandExecutor.execute(HttpCommandExecutor.java:160)
	at org.openqa.selenium.remote.service.DriverCommandExecutor.execute(DriverCommandExecutor.java:83)
	at org.openqa.selenium.remote.RemoteWebDriver.execute(RemoteWebDriver.java:582)
	at org.openqa.selenium.remote.RemoteWebDriver.execute(RemoteWebDriver.java:639)
	at org.openqa.selenium.remote.RemoteWebDriver.execute(RemoteWebDriver.java:643)
	at org.openqa.selenium.remote.RemoteWebDriver.close(RemoteWebDriver.java:468)
	at com.khanghv.testng.NewEmptyJUnitTest.tearDownMethod(NewEmptyJUnitTest.java:253)
</failure>
  </testcase>
  <testcase classname="com.khanghv.testng.NewEmptyJUnitTest" name="setUpMethod" time="16.339">
    <skipped/>
  </testcase>
  <testcase classname="com.khanghv.testng.NewEmptyJUnitTest" name="testLogin" time="0">
    <skipped/>
  </testcase>
  <testcase classname="com.khanghv.testng.NewEmptyJUnitTest" name="tearDownMethod" time="0">
    <skipped/>
  </testcase>
  <testcase classname="com.khanghv.testng.NewEmptyJUnitTest" name="setUpMethod" time="0">
    <skipped/>
  </testcase>
  <testcase classname="com.khanghv.testng.NewEmptyJUnitTest" name="testLogin" time="0">
    <skipped/>
  </testcase>
  <testcase classname="com.khanghv.testng.NewEmptyJUnitTest" name="tearDownMethod" time="0">
    <skipped/>
  </testcase>
  <testcase classname="com.khanghv.testng.NewEmptyJUnitTest" name="setUpMethod" time="0">
    <skipped/>
  </testcase>
  <testcase classname="com.khanghv.testng.NewEmptyJUnitTest" name="testLogin" time="0">
    <skipped/>
  </testcase>
  <testcase classname="com.khanghv.testng.NewEmptyJUnitTest" name="tearDownMethod" time="0">
    <skipped/>
  </testcase>
  <testcase classname="com.khanghv.testng.NewEmptyJUnitTest" name="setUpMethod" time="0.001">
    <skipped/>
  </testcase>
  <testcase classname="com.khanghv.testng.NewEmptyJUnitTest" name="testLogin" time="0">
    <skipped/>
  </testcase>
  <testcase classname="com.khanghv.testng.NewEmptyJUnitTest" name="tearDownMethod" time="0">
    <skipped/>
  </testcase>
  <testcase classname="com.khanghv.testng.NewEmptyJUnitTest" name="setUpMethod" time="0">
    <skipped/>
  </testcase>
  <testcase classname="com.khanghv.testng.NewEmptyJUnitTest" name="testLogin" time="0">
    <skipped/>
  </testcase>
  <testcase classname="com.khanghv.testng.NewEmptyJUnitTest" name="tearDownMethod" time="0.001">
    <skipped/>
  </testcase>
  <testcase classname="com.khanghv.testng.NewEmptyJUnitTest" name="setUpMethod" time="0.001">
    <skipped/>
  </testcase>
  <testcase classname="com.khanghv.testng.NewEmptyJUnitTest" name="testLogin" time="0">
    <skipped/>
  </testcase>
  <testcase classname="com.khanghv.testng.NewEmptyJUnitTest" name="tearDownMethod" time="0">
    <skipped/>
  </testcase>
  <testcase classname="com.khanghv.testng.NewEmptyJUnitTest" name="setUpMethod" time="0">
    <skipped/>
  </testcase>
  <testcase classname="com.khanghv.testng.NewEmptyJUnitTest" name="testLogin" time="0">
    <skipped/>
  </testcase>
  <testcase classname="com.khanghv.testng.NewEmptyJUnitTest" name="tearDownMethod" time="0.001">
    <skipped/>
  </testcase>
  <testcase classname="com.khanghv.testng.NewEmptyJUnitTest" name="setUpMethod" time="0.001">
    <skipped/>
  </testcase>
  <testcase classname="com.khanghv.testng.NewEmptyJUnitTest" name="testLogin" time="0">
    <skipped/>
  </testcase>
  <testcase classname="com.khanghv.testng.NewEmptyJUnitTest" name="tearDownMethod" time="0">
    <skipped/>
  </testcase>
  <testcase classname="com.khanghv.testng.NewEmptyJUnitTest" name="setUpMethod" time="0">
    <skipped/>
  </testcase>
  <testcase classname="com.khanghv.testng.NewEmptyJUnitTest" name="testLogin" time="0">
    <skipped/>
  </testcase>
  <testcase classname="com.khanghv.testng.NewEmptyJUnitTest" name="tearDownMethod" time="0">
    <skipped/>
  </testcase>
  <testcase classname="com.khanghv.testng.NewEmptyJUnitTest" name="setUpMethod" time="0.001">
    <skipped/>
  </testcase>
  <testcase classname="com.khanghv.testng.NewEmptyJUnitTest" name="testLogin" time="0">
    <skipped/>
  </testcase>
  <testcase classname="com.khanghv.testng.NewEmptyJUnitTest" name="tearDownMethod" time="0">
    <skipped/>
  </testcase>
</testsuite>